<?xml version="1.0" encoding="UTF-8"?>
<testsuite xmlns:xsi="http://www.w3.org/2001/XMLSchema-instance" xsi:noNamespaceSchemaLocation="https://maven.apache.org/surefire/maven-surefire-plugin/xsd/surefire-test-report-3.0.xsd" version="3.0" name="edu.school21.repositories.ProductsRepositoryJdbcImplTest" time="0.034" tests="6" errors="0" skipped="0" failures="0">
  <properties>
[...]
</properties>
  <testcase name="saveTest" classname="edu.school21.repositories.ProductsRepositoryJdbcImplTest" time="0.008">
    <system-err><![CDATA[Apr 27, 2022 1:04:19 PM org.springframework.jdbc.datasource.embedded.EmbeddedDatabaseFactory initDatabase
INFO: Starting embedded database: url='jdbc:hsqldb:mem:cb3e9090-15e3-47b1-b64e-39feda8020e0', username='sa'
]]></system-err>
  </testcase>
  <testcase name="updateTest" classname="edu.school21.repositories.ProductsRepositoryJdbcImplTest" time="0.001">
    <system-err><![CDATA[Apr 27, 2022 1:04:19 PM org.springframework.jdbc.datasource.embedded.EmbeddedDatabaseFactory initDatabase
INFO: Starting embedded database: url='jdbc:hsqldb:mem:05eb6c25-3b05-4a2a-8252-9aaec7fefe91', username='sa'
]]></system-err>
  </testcase>
  <testcase name="findAllTest" classname="edu.school21.repositories.ProductsRepositoryJdbcImplTest" time="0">
    <system-err><![CDATA[Apr 27, 2022 1:04:20 PM org.springframework.jdbc.datasource.embedded.EmbeddedDatabaseFactory initDatabase
INFO: Starting embedded database: url='jdbc:hsqldb:mem:8dc8d981-b9be-454a-9cc9-736463308c82', username='sa'
]]></system-err>
  </testcase>
  <testcase name="findByIdTest" classname="edu.school21.repositories.ProductsRepositoryJdbcImplTest" time="0">
    <system-err><![CDATA[Apr 27, 2022 1:04:20 PM org.springframework.jdbc.datasource.embedded.EmbeddedDatabaseFactory initDatabase
INFO: Starting embedded database: url='jdbc:hsqldb:mem:00dfd229-56c7-4aa8-ad73-64b1f6b5677b', username='sa'
]]></system-err>
  </testcase>
  <testcase name="findByIdTestNotFound" classname="edu.school21.repositories.ProductsRepositoryJdbcImplTest" time="0.001">
    <system-err><![CDATA[Apr 27, 2022 1:04:20 PM org.springframework.jdbc.datasource.embedded.EmbeddedDatabaseFactory initDatabase
INFO: Starting embedded database: url='jdbc:hsqldb:mem:61bd4696-9c0b-4bb1-9216-4925dca59b77', username='sa'
]]></system-err>
  </testcase>
  <testcase name="deleteTest" classname="edu.school21.repositories.ProductsRepositoryJdbcImplTest" time="0">
    <system-out><![CDATA[Product not found!
]]></system-out>
    <system-err><![CDATA[Apr 27, 2022 1:04:20 PM org.springframework.jdbc.datasource.embedded.EmbeddedDatabaseFactory initDatabase
INFO: Starting embedded database: url='jdbc:hsqldb:mem:2229573a-bdca-4cee-8c26-916ae4ea5af5', username='sa'
]]></system-err>
  </testcase>
</testsuite>