<?xml version="1.0" encoding="UTF-8"?>
<testsuite xmlns:xsi="http://www.w3.org/2001/XMLSchema-instance" xsi:noNamespaceSchemaLocation="https://maven.apache.org/surefire/maven-surefire-plugin/xsd/surefire-test-report-3.0.xsd" version="3.0" name="edu.school21.services.UsersServiceImplTest" time="0.091" tests="4" errors="0" skipped="0" failures="0">
  <properties>
[...]
</properties>
  <testcase name="authenticateTestWhenTrue" classname="edu.school21.services.UsersServiceImplTest" time="0.009"/>
  <testcase name="authenticateTestWhenFalseAndNotEquals" classname="edu.school21.services.UsersServiceImplTest" time="0"/>
  <testcase name="authenticateTestWhenUserNull" classname="edu.school21.services.UsersServiceImplTest" time="0"/>
  <testcase name="authenticateTestWhenFalseAndEquals" classname="edu.school21.services.UsersServiceImplTest" time="0.004"/>
</testsuite>