<?xml version="1.0" encoding="UTF-8"?>
<testsuite xmlns:xsi="http://www.w3.org/2001/XMLSchema-instance" xsi:noNamespaceSchemaLocation="https://maven.apache.org/surefire/maven-surefire-plugin/xsd/surefire-test-report-3.0.xsd" version="3.0" name="edu.school21.repositories.ProductsRepositoryJdbcImplTest" time="0.032" tests="5" errors="0" skipped="0" failures="0">
  <properties>
[...]
</properties>
  <testcase name="saveTest" classname="edu.school21.repositories.ProductsRepositoryJdbcImplTest" time="0.009">
    <system-err><![CDATA[Apr 26, 2022 4:25:29 PM org.springframework.jdbc.datasource.embedded.EmbeddedDatabaseFactory initDatabase
INFO: Starting embedded database: url='jdbc:hsqldb:mem:testdb', username='sa'
Apr 26, 2022 4:25:29 PM org.springframework.jdbc.datasource.embedded.EmbeddedDatabaseFactory shutdownDatabase
INFO: Shutting down embedded database: url='jdbc:hsqldb:mem:testdb'
]]></system-err>
  </testcase>
  <testcase name="updateTest" classname="edu.school21.repositories.ProductsRepositoryJdbcImplTest" time="0.002">
    <system-err><![CDATA[Apr 26, 2022 4:25:29 PM org.springframework.jdbc.datasource.embedded.EmbeddedDatabaseFactory initDatabase
INFO: Starting embedded database: url='jdbc:hsqldb:mem:testdb', username='sa'
Apr 26, 2022 4:25:29 PM org.springframework.jdbc.datasource.embedded.EmbeddedDatabaseFactory shutdownDatabase
INFO: Shutting down embedded database: url='jdbc:hsqldb:mem:testdb'
]]></system-err>
  </testcase>
  <testcase name="findAllTest" classname="edu.school21.repositories.ProductsRepositoryJdbcImplTest" time="0.001">
    <system-err><![CDATA[Apr 26, 2022 4:25:29 PM org.springframework.jdbc.datasource.embedded.EmbeddedDatabaseFactory initDatabase
INFO: Starting embedded database: url='jdbc:hsqldb:mem:testdb', username='sa'
Apr 26, 2022 4:25:29 PM org.springframework.jdbc.datasource.embedded.EmbeddedDatabaseFactory shutdownDatabase
INFO: Shutting down embedded database: url='jdbc:hsqldb:mem:testdb'
]]></system-err>
  </testcase>
  <testcase name="findByIdTest" classname="edu.school21.repositories.ProductsRepositoryJdbcImplTest" time="0.001">
    <system-err><![CDATA[Apr 26, 2022 4:25:29 PM org.springframework.jdbc.datasource.embedded.EmbeddedDatabaseFactory initDatabase
INFO: Starting embedded database: url='jdbc:hsqldb:mem:testdb', username='sa'
Apr 26, 2022 4:25:29 PM org.springframework.jdbc.datasource.embedded.EmbeddedDatabaseFactory shutdownDatabase
INFO: Shutting down embedded database: url='jdbc:hsqldb:mem:testdb'
]]></system-err>
  </testcase>
  <testcase name="deleteTest" classname="edu.school21.repositories.ProductsRepositoryJdbcImplTest" time="0.002">
    <system-out><![CDATA[Product not found!
Product not found!
]]></system-out>
    <system-err><![CDATA[Apr 26, 2022 4:25:29 PM org.springframework.jdbc.datasource.embedded.EmbeddedDatabaseFactory initDatabase
INFO: Starting embedded database: url='jdbc:hsqldb:mem:testdb', username='sa'
Apr 26, 2022 4:25:29 PM org.springframework.jdbc.datasource.embedded.EmbeddedDatabaseFactory shutdownDatabase
INFO: Shutting down embedded database: url='jdbc:hsqldb:mem:testdb'
]]></system-err>
  </testcase>
</testsuite>